<?xml version="1.0" encoding="UTF-8" standalone="yes" ?>
<test-results name="C:\Users\DELL\Desktop\SisPetro\Test\Win32\Debug\SisPetroTest.exe" total="2" errors="0" failures="0" ignored="0" inconclusive="0" not-run="0" skipped="0" invalid="0" date="2024-04-16" time="0.001">
  <culture-info current-culture="en" current-uiculture="en" />
  <test-suite type="Assembly" name="SisPetroTest.exe" executed="true" result="Success" success="True" time="0.001" asserts="0">
    <results>
        <test-suite type="Namespace" name="Test" executed="true" result="Success" success="True" time="0.001" asserts="0" >
          <results>
              <test-suite type="Fixture" name="TTestModelAbastecimento" executed="True" result="Success" success="True" time="0.001" >
                <results>
                  <test-case name="ValidarCalculoImposto" executed="True" result="Success" success="True" time="0.000" asserts="0" />
                  <test-case name="ValidarCalculoDaQuantidadeDeCombustivel" executed="True" result="Success" success="True" time="0.000" asserts="0" />
                </results>
              </test-suite>
          </results>
        </test-suite>
    </results>
  </test-suite>
</test-results>
